Arguments: 
  C:\Program Files\nodejs\node.exe C:\Users\rndmB\AppData\Roaming\npm\node_modules\yarn\bin\yarn.js init

PATH: 
  C:\Program Files\PowerShell\7;C:\Program Files\AdoptOpenJDK\jdk-11.0.11.9-hotspot\bin;C:\Windows\system32;C:\Windows;C:\Windows\System32\Wbem;C:\Windows\System32\WindowsPowerShell\v1.0\;C:\Windows\System32\OpenSSH\;C:\Program Files\NVIDIA Corporation\NVIDIA NvDLISR;C:\Program Files (x86)\NVIDIA Corporation\PhysX\Common;D:\tools\CommandLineTools;D:\tools\.bin;C:\Program Files\Microsoft SQL Server\130\Tools\Binn\;C:\Program Files\Microsoft SQL Server\Client SDK\ODBC\170\Tools\Binn\;C:\msys64\usr\bin;C:\Program Files (x86)\GNU Arm Embedded Toolchain\10 2021.07\bin;D:\tools\stlink-utils\bin;C:\Program Files\CMake\bin;C:\msys64\mingw64\bin;C:\Program Files\PuTTY\;C:\Program Files\dotnet\;C:\Users\rndmB\AppData\Roaming\nvm;C:\Program Files\nodejs;C:\Program Files\Git\cmd;C:\Program Files\PowerShell\7\;C:\Program Files\Docker\Docker\resources\bin;C:\ProgramData\DockerDesktop\version-bin;C:\Program Files\Microsoft SQL Server\150\Tools\Binn\;C:\Program Files (x86)\GNU Arm Embedded Toolchain\10 2021.10\bin;C:\Program Files (x86)\GNU Arm Embedded Toolchain\10 2021.07\bin;C:\Users\rndmB\AppData\Local\Programs\Python\Python310\Scripts\;C:\Users\rndmB\AppData\Local\Programs\Python\Python310\;C:\Users\rndmB\AppData\Local\Microsoft\WindowsApps;C:\Users\rndmB\AppData\Local\Programs\Microsoft VS Code\bin;C:\Users\rndmB\.dotnet\tools;C:\Users\rndmB\AppData\Roaming\nvm;C:\Program Files\nodejs;C:\Users\rndmB\AppData\Roaming\npm;C:\Program Files (x86)\Sophos\Sophos SSL VPN Client\bin;C:\Users\rndmB\AppData\Local\Yarn\Data\global\node_modules\.bin;

Yarn version: 
  1.22.15

Node version: 
  16.14.0

Platform: 
  win32 x64

Trace: 
  Error: canceled
      at Interface.<anonymous> (C:\Users\rndmB\AppData\Roaming\npm\node_modules\yarn\lib\cli.js:137145:13)
      at Interface.emit (node:events:520:28)
      at Interface._ttyWrite (node:readline:1081:16)
      at ReadStream.onkeypress (node:readline:288:10)
      at ReadStream.emit (node:events:520:28)
      at emitKeys (node:internal/readline/utils:358:14)
      at emitKeys.next (<anonymous>)
      at ReadStream.onData (node:internal/readline/emitKeypressEvents:61:36)
      at ReadStream.emit (node:events:520:28)
      at addChunk (node:internal/streams/readable:315:12)

npm manifest: 
  No manifest

yarn manifest: 
  No manifest

Lockfile: 
  No lockfile
